#
# There is insufficient memory for the Java Runtime Environment to continue.
# Native memory allocation (mmap) failed to map 260046848 bytes for G1 virtual space
# Possible reasons:
#   The system is out of physical RAM or swap space
#   The process is running with CompressedOops enabled, and the Java Heap may be blocking the growth of the native heap
# Possible solutions:
#   Reduce memory load on the system
#   Increase physical memory or swap space
#   Check if swap backing store is full
#   Decrease Java heap size (-Xmx/-Xms)
#   Decrease number of Java threads
#   Decrease Java thread stack sizes (-Xss)
#   Set larger code cache with -XX:ReservedCodeCacheSize=
#   JVM is running with Zero Based Compressed Oops mode in which the Java heap is
#     placed in the first 32GB address space. The Java Heap base address is the
#     maximum limit for the native heap growth. Please use -XX:HeapBaseMinAddress
#     to set the Java Heap base and to place the Java Heap above 32GB virtual address.
# This output file may be truncated or incomplete.
#
#  Out of Memory Error (os_windows.cpp:3600), pid=18148, tid=16444
#
# JRE version:  (21.0.1+12) (build )
# Java VM: Java HotSpot(TM) 64-Bit Server VM (21.0.1+12-LTS-29, mixed mode, sharing, tiered, compressed oops, compressed class ptrs, g1 gc, windows-amd64)
# No core dump will be written. Minidumps are not enabled by default on client versions of Windows
#

---------------  S U M M A R Y ------------

Command Line: -javaagent:F:\IntelliJ IDEA Community Edition 2024.2.0.1\lib\idea_rt.jar=61783:F:\IntelliJ IDEA Community Edition 2024.2.0.1\bin -Dfile.encoding=UTF-8 -Dsun.stdout.encoding=UTF-8 -Dsun.stderr.encoding=UTF-8 org.example.BankApp

Host: AMD Ryzen 7 4800H with Radeon Graphics         , 16 cores, 15G,  Windows 11 , 64 bit Build 22621 (10.0.22621.3958)
Time: Thu Oct 17 22:47:38 2024 SE Asia Standard Time elapsed time: 0.012351 seconds (0d 0h 0m 0s)

---------------  T H R E A D  ---------------

Current thread (0x0000019470bb59e0):  JavaThread "Unknown thread" [_thread_in_vm, id=16444, stack(0x000000053b700000,0x000000053b800000) (1024K)]

Stack: [0x000000053b700000,0x000000053b800000]
Native frames: (J=compiled Java code, j=interpreted, Vv=VM code, C=native code)
V  [jvm.dll+0x6c9029]
V  [jvm.dll+0x854b81]
V  [jvm.dll+0x856e5e]
V  [jvm.dll+0x857543]
V  [jvm.dll+0x280c06]
V  [jvm.dll+0x6c5715]
V  [jvm.dll+0x6ba10a]
V  [jvm.dll+0x3557ea]
V  [jvm.dll+0x35d436]
V  [jvm.dll+0x3ae1be]
V  [jvm.dll+0x3ae468]
V  [jvm.dll+0x3291fc]
V  [jvm.dll+0x329d8b]
V  [jvm.dll+0x81d179]
V  [jvm.dll+0x3bb4f1]
V  [jvm.dll+0x805ae8]
V  [jvm.dll+0x44effe]
V  [jvm.dll+0x450901]
C  [jli.dll+0x52a3]
C  [ucrtbase.dll+0x29333]
C  [KERNEL32.DLL+0x1257d]
C  [ntdll.dll+0x5af08]


---------------  P R O C E S S  ---------------

Threads class SMR info:
_java_thread_list=0x00007ffeaf309b88, length=0, elements={
}

Java Threads: ( => current thread )
Total: 0

Other Threads:
  0x0000019470c1c090 WorkerThread "GC Thread#0"                     [id=26244, stack(0x000000053b800000,0x000000053b900000) (1024K)]
  0x0000019470c2d6d0 ConcurrentGCThread "G1 Main Marker"            [id=25808, stack(0x000000053b900000,0x000000053ba00000) (1024K)]
  0x0000019470c2e290 WorkerThread "G1 Conc#0"                       [id=22256, stack(0x000000053ba00000,0x000000053bb00000) (1024K)]

[error occurred during error reporting (printing all threads), id 0xc0000005, EXCEPTION_ACCESS_VIOLATION (0xc0000005) at pc=0x00007ffeaea7c2c7]
VM state: not at safepoint (not fully initialized)

VM Mutex/Monitor currently owned by a thread:  ([mutex/lock_event])
[0x00007ffeaf37a6f8] Heap_lock - owner thread: 0x0000019470bb59e0

Heap address: 0x0000000709400000, size: 3948 MB, Compressed Oops mode: Zero based, Oop shift amount: 3

CDS archive(s) mapped at: [0x0000000000000000-0x0000000000000000-0x0000000000000000), size 0, SharedBaseAddress: 0x0000000800000000, ArchiveRelocationMode: 1.
Narrow klass base: 0x0000000000000000, Narrow klass shift: 0, Narrow klass range: 0x0

GC Precious Log:
 CardTable entry size: 512
 Card Set container configuration: InlinePtr #cards 4 size 8 Array Of Cards #cards 16 size 48 Howl #buckets 8 coarsen threshold 3686 Howl Bitmap #cards 512 size 80 coarsen threshold 460 Card regions per heap region 1 cards per card region 4096

Heap:
 garbage-first heap   total 0K, used 0K [0x0000000709400000, 0x0000000800000000)
  region size 2048K, 0 young (0K), 0 survivors (0K)

[error occurred during error reporting (printing heap information), id 0xc0000005, EXCEPTION_ACCESS_VIOLATION (0xc0000005) at pc=0x00007ffeaee61be9]
GC Heap History (0 events):
No events

Dll operation events (1 events):
Event: 0.007 Loaded shared library C:\Program Files\Java\jdk-21\bin\java.dll

Deoptimization events (0 events):
No events

Classes loaded (0 events):
No events

Classes unloaded (0 events):
No events

Classes redefined (0 events):
No events

Internal exceptions (0 events):
No events

ZGC Phase Switch (0 events):
No events

VM Operations (0 events):
No events

Events (0 events):
No events


Dynamic libraries:
0x00007ff7a52b0000 - 0x00007ff7a52c0000 	C:\Program Files\Java\jdk-21\bin\java.exe
0x00007fff18fb0000 - 0x00007fff191c7000 	C:\WINDOWS\SYSTEM32\ntdll.dll
0x00007fff16d40000 - 0x00007fff16e04000 	C:\WINDOWS\System32\KERNEL32.DLL
0x00007fff166a0000 - 0x00007fff16a57000 	C:\WINDOWS\System32\KERNELBASE.dll
0x00007fff16410000 - 0x00007fff16521000 	C:\WINDOWS\System32\ucrtbase.dll
0x00007ffefbfa0000 - 0x00007ffefbfb9000 	C:\Program Files\Java\jdk-21\bin\jli.dll
0x00007fff00f00000 - 0x00007fff00f1b000 	C:\Program Files\Java\jdk-21\bin\VCRUNTIME140.dll
0x00007fff17890000 - 0x00007fff17942000 	C:\WINDOWS\System32\ADVAPI32.dll
0x00007fff16f70000 - 0x00007fff17017000 	C:\WINDOWS\System32\msvcrt.dll
0x00007fff184f0000 - 0x00007fff18598000 	C:\WINDOWS\System32\sechost.dll
0x00007fff16b80000 - 0x00007fff16ba8000 	C:\WINDOWS\System32\bcrypt.dll
0x00007fff17bc0000 - 0x00007fff17cd4000 	C:\WINDOWS\System32\RPCRT4.dll
0x00007fff17a10000 - 0x00007fff17bbf000 	C:\WINDOWS\System32\USER32.dll
0x00007fff16360000 - 0x00007fff16386000 	C:\WINDOWS\System32\win32u.dll
0x00007fff01320000 - 0x00007fff015b3000 	C:\WINDOWS\WinSxS\amd64_microsoft.windows.common-controls_6595b64144ccf1df_6.0.22621.3672_none_2713b9d173822955\COMCTL32.dll
0x00007fff18d80000 - 0x00007fff18da9000 	C:\WINDOWS\System32\GDI32.dll
0x00007fff16a60000 - 0x00007fff16b78000 	C:\WINDOWS\System32\gdi32full.dll
0x00007fff162c0000 - 0x00007fff1635a000 	C:\WINDOWS\System32\msvcp_win.dll
0x00007fff0f620000 - 0x00007fff0f62a000 	C:\WINDOWS\SYSTEM32\VERSION.dll
0x00007fff17950000 - 0x00007fff17981000 	C:\WINDOWS\System32\IMM32.DLL
0x00007fff01bd0000 - 0x00007fff01bdc000 	C:\Program Files\Java\jdk-21\bin\vcruntime140_1.dll
0x00007ffedf290000 - 0x00007ffedf31e000 	C:\Program Files\Java\jdk-21\bin\msvcp140.dll
0x00007ffeae740000 - 0x00007ffeaf455000 	C:\Program Files\Java\jdk-21\bin\server\jvm.dll
0x00007fff18d00000 - 0x00007fff18d71000 	C:\WINDOWS\System32\WS2_32.dll
0x00007fff15fe0000 - 0x00007fff1602d000 	C:\WINDOWS\SYSTEM32\POWRPROF.dll
0x00007fff104c0000 - 0x00007fff104f4000 	C:\WINDOWS\SYSTEM32\WINMM.dll
0x00007fff15fc0000 - 0x00007fff15fd3000 	C:\WINDOWS\SYSTEM32\UMPDC.dll
0x00007fff152d0000 - 0x00007fff152e8000 	C:\WINDOWS\SYSTEM32\kernel.appcore.dll
0x00007fff01780000 - 0x00007fff0178a000 	C:\Program Files\Java\jdk-21\bin\jimage.dll
0x00007fff13970000 - 0x00007fff13ba2000 	C:\WINDOWS\SYSTEM32\DBGHELP.DLL
0x00007fff18710000 - 0x00007fff18a9e000 	C:\WINDOWS\System32\combase.dll
0x00007fff17db0000 - 0x00007fff17e87000 	C:\WINDOWS\System32\OLEAUT32.dll
0x00007fff0c4d0000 - 0x00007fff0c502000 	C:\WINDOWS\SYSTEM32\dbgcore.DLL
0x00007fff16390000 - 0x00007fff1640b000 	C:\WINDOWS\System32\bcryptPrimitives.dll
0x00007fff00f30000 - 0x00007fff00f3f000 	C:\Program Files\Java\jdk-21\bin\instrument.dll
0x00007ffef95b0000 - 0x00007ffef95cf000 	C:\Program Files\Java\jdk-21\bin\java.dll

dbghelp: loaded successfully - version: 4.0.5 - missing functions: none
symbol engine: initialized successfully - sym options: 0x614 - pdb path: .;C:\Program Files\Java\jdk-21\bin;C:\WINDOWS\SYSTEM32;C:\WINDOWS\WinSxS\amd64_microsoft.windows.common-controls_6595b64144ccf1df_6.0.22621.3672_none_2713b9d173822955;C:\Program Files\Java\jdk-21\bin\server

VM Arguments:
jvm_args: -javaagent:F:\IntelliJ IDEA Community Edition 2024.2.0.1\lib\idea_rt.jar=61783:F:\IntelliJ IDEA Community Edition 2024.2.0.1\bin -Dfile.encoding=UTF-8 -Dsun.stdout.encoding=UTF-8 -Dsun.stderr.encoding=UTF-8 
java_command: org.example.BankApp
java_class_path (initial): F:\HocTap\HK1-2024-2025\Lap trinh mang\ServerRMI\target\classes
Launcher Type: SUN_STANDARD

[Global flags]
     intx CICompilerCount                          = 12                                        {product} {ergonomic}
     uint ConcGCThreads                            = 3                                         {product} {ergonomic}
     uint G1ConcRefinementThreads                  = 13                                        {product} {ergonomic}
   size_t G1HeapRegionSize                         = 2097152                                   {product} {ergonomic}
    uintx GCDrainStackTargetSize                   = 64                                        {product} {ergonomic}
   size_t InitialHeapSize                          = 260046848                                 {product} {ergonomic}
   size_t MarkStackSize                            = 4194304                                   {product} {ergonomic}
   size_t MaxHeapSize                              = 4139778048                                {product} {ergonomic}
   size_t MinHeapDeltaBytes                        = 2097152                                   {product} {ergonomic}
   size_t MinHeapSize                              = 8388608                                   {product} {ergonomic}
    uintx NonNMethodCodeHeapSize                   = 7602480                                {pd product} {ergonomic}
    uintx NonProfiledCodeHeapSize                  = 122027880                              {pd product} {ergonomic}
    uintx ProfiledCodeHeapSize                     = 122027880                              {pd product} {ergonomic}
    uintx ReservedCodeCacheSize                    = 251658240                              {pd product} {ergonomic}
     bool SegmentedCodeCache                       = true                                      {product} {ergonomic}
   size_t SoftMaxHeapSize                          = 4139778048                             {manageable} {ergonomic}
     bool UseCompressedOops                        = true                           {product lp64_product} {ergonomic}
     bool UseG1GC                                  = true                                      {product} {ergonomic}
     bool UseLargePagesIndividualAllocation        = false                                  {pd product} {ergonomic}

Logging:
Log output configuration:
 #0: stdout all=warning uptime,level,tags foldmultilines=false
 #1: stderr all=off uptime,level,tags foldmultilines=false

Environment Variables:
JAVA_HOME=C:\Program Files\Java\jdk-21
PATH=C:\Program Files\Common Files\Oracle\Java\javapath;C:\Windows\system32;C:\Windows;C:\Windows\System32\Wbem;C:\Windows\System32\WindowsPowerShell\v1.0\;C:\Windows\System32\OpenSSH\;C:\Program Files (x86)\NVIDIA Corporation\PhysX\Common;C:\WINDOWS\system32;C:\WINDOWS;C:\WINDOWS\System32\Wbem;C:\WINDOWS\System32\WindowsPowerShell\v1.0\;C:\WINDOWS\System32\OpenSSH\;C:\Program Files\dotnet\;C:\Users\tranh\OneDrive\Documents;C:\Program Files (x86)\Microsoft SQL Server\160\Tools\Binn\;C:\Program Files\Microsoft SQL Server\160\Tools\Binn\;C:\Program Files\Microsoft SQL Server\Client SDK\ODBC\170\Tools\Binn\;C:\Program Files\Microsoft SQL Server\160\DTS\Binn\;C:\Program Files (x86)\Microsoft SQL Server\150\DTS\Binn\;C:\Program Files\Azure Data Studio\bin;C:\FPC\3.2.2\bin\i386-Win32;C:\xampp\php;C:\composer;C:\xampp\mysql\bin;C:\Program Files\nodejs\;C:\Program Files\Git\cmd;D:\;C:\Program Files\CMake\bin;C:\ProgramData\chocolatey\bin;C:\ProgramData\chocolatey\lib\maven\apache-maven-3.9.9\bin;C:\Users\tranh\AppData\Local\Programs\Python\Python311\Scripts\;C:\Users\tranh\AppData\Local\Programs\Python\Python311\;C:\Users\tranh\AppData\Local\Microsoft\WindowsApps;C:\Users\tranh\OneDrive\Documents;C:\Program Files\Azure Data Studio\bin;C:\Users\tranh\AppData\Local\Programs\Microsoft VS Code\bin;C:\Program Files\nodejs\;C:\Users\tranh\AppData\Roaming\Composer\vendor\bin;C:\Users\tranh\AppData\Roaming\npm;C:\xampp\php;D:\;C:\xampp\mysql\bin;;F:\IntelliJ IDEA Community Edition 2024.2.0.1\bin;
USERNAME=tranh
OS=Windows_NT
PROCESSOR_IDENTIFIER=AMD64 Family 23 Model 96 Stepping 1, AuthenticAMD
TMP=C:\Users\tranh\AppData\Local\Temp
TEMP=C:\Users\tranh\AppData\Local\Temp




Periodic native trim disabled

---------------  S Y S T E M  ---------------

OS:
 Windows 11 , 64 bit Build 22621 (10.0.22621.3958)
OS uptime: 2 days 1:45 hours
Hyper-V role detected

CPU: total 16 (initial active 16) (16 cores per cpu, 2 threads per core) family 23 model 96 stepping 1 microcode 0x0, cx8, cmov, fxsr, ht, mmx, 3dnowpref, sse, sse2, sse3, ssse3, sse4a, sse4.1, sse4.2, popcnt, lzcnt, tsc, tscinvbit, avx, avx2, aes, clmul, bmi1, bmi2, adx, sha, fma, vzeroupper, clflush, clflushopt, hv, rdtscp, rdpid, f16c
Processor Information for all 16 processors :
  Max Mhz: 2901, Current Mhz: 2901, Mhz Limit: 2901

Memory: 4k page, system-wide physical 15791M (2039M free)
TotalPageFile size 22145M (AvailPageFile size 212M)
current process WorkingSet (physical memory assigned to process): 11M, peak: 11M
current process commit charge ("private bytes"): 70M, peak: 318M

vm_info: Java HotSpot(TM) 64-Bit Server VM (21.0.1+12-LTS-29) for windows-amd64 JRE (21.0.1+12-LTS-29), built on 2023-10-05T13:27:09Z by "mach5one" with MS VC++ 17.1 (VS2022)

END.
